<?xml version="1.0" encoding="UTF-8"?>
<coverage generated="1580287728646" clover="3.2.0">
  <project timestamp="1580287728646" name="All files">
    <metrics statements="6" coveredstatements="0" conditionals="4" coveredconditionals="0" methods="1" coveredmethods="0" elements="11" coveredelements="0" complexity="0" loc="6" ncloc="6" packages="1" files="1" classes="1"/>
    <file name="index.ts" path="/Users/tomaszmittlener/Documents/projects/mittlener/gifduck/packages/server/src/common/logger/index.ts">
      <metrics statements="6" coveredstatements="0" conditionals="4" coveredconditionals="0" methods="1" coveredmethods="0"/>
      <line num="1" count="0" type="stmt"/>
      <line num="3" count="0" type="stmt"/>
      <line num="4" count="0" type="stmt"/>
      <line num="5" count="0" type="stmt"/>
      <line num="18" count="0" type="stmt"/>
      <line num="20" count="0" type="stmt"/>
    </file>
  </project>
</coverage>
