{"/Users/tomaszmittlener/Documents/projects/mittlener/gifduck/packages/server/src/common/logger/index.ts": {"path":"/Users/tomaszmittlener/Documents/projects/mittlener/gifduck/packages/server/src/common/logger/index.ts","statementMap":{"0":{"start":{"line":1,"column":0},"end":{"line":1,"column":42}},"1":{"start":{"line":3,"column":18},"end":{"line":16,"column":1}},"2":{"start":{"line":4,"column":16},"end":{"line":4,"column":54}},"3":{"start":{"line":5,"column":2},"end":{"line":14,"column":null}},"4":{"start":{"line":18,"column":15},"end":{"line":18,"column":32}},"5":{"start":{"line":20,"column":0},"end":{"line":20,"column":null}}},"fnMap":{"0":{"name":"(anonymous_3)","decl":{"start":{"line":3,"column":18},"end":{"line":3,"column":null}},"loc":{"start":{"line":3,"column":18},"end":{"line":16,"column":1}}}},"branchMap":{"0":{"loc":{"start":{"line":7,"column":11},"end":{"line":7,"column":32}},"type":"binary-expr","locations":[{"start":{"line":7,"column":11},"end":{"line":7,"column":32}},{"start":{"line":7,"column":36},"end":{"line":7,"column":42}}]},"1":{"loc":{"start":{"line":9,"column":8},"end":{"line":9,"column":13}},"type":"binary-expr","locations":[{"start":{"line":9,"column":8},"end":{"line":9,"column":13}},{"start":{"line":9,"column":17},"end":{"line":14,"column":6}}]}},"s":{"0":0,"1":0,"2":0,"3":0,"4":0,"5":0},"f":{"0":0},"b":{"0":[0,0],"1":[0,0]}}
}
