{"/Users/tomaszmittlener/Documents/projects/mittlener/gifduck/packages/client/src/components/App/index.tsx": {"path":"/Users/tomaszmittlener/Documents/projects/mittlener/gifduck/packages/client/src/components/App/index.tsx","statementMap":{"0":{"start":{"line":1,"column":0},"end":{"line":1,"column":48}},"1":{"start":{"line":2,"column":0},"end":{"line":2,"column":49}},"2":{"start":{"line":3,"column":0},"end":{"line":3,"column":58}},"3":{"start":{"line":5,"column":0},"end":{"line":5,"column":46}},"4":{"start":{"line":6,"column":0},"end":{"line":6,"column":32}},"5":{"start":{"line":7,"column":0},"end":{"line":7,"column":33}},"6":{"start":{"line":9,"column":31},"end":{"line":18,"column":1}},"7":{"start":{"line":10,"column":2},"end":{"line":17,"column":null}},"8":{"start":{"line":20,"column":0},"end":{"line":20,"column":null}}},"fnMap":{"0":{"name":"(anonymous_1)","decl":{"start":{"line":9,"column":31},"end":{"line":9,"column":null}},"loc":{"start":{"line":9,"column":31},"end":{"line":18,"column":1}}}},"branchMap":{},"s":{"0":1,"1":1,"2":1,"3":1,"4":1,"5":1,"6":1,"7":1,"8":1},"f":{"0":1},"b":{}}
,"/Users/tomaszmittlener/Documents/projects/mittlener/gifduck/packages/client/src/containers/Header/index.tsx": {"path":"/Users/tomaszmittlener/Documents/projects/mittlener/gifduck/packages/client/src/containers/Header/index.tsx","statementMap":{"0":{"start":{"line":1,"column":0},"end":{"line":1,"column":96}},"1":{"start":{"line":2,"column":0},"end":{"line":2,"column":38}},"2":{"start":{"line":3,"column":0},"end":{"line":3,"column":58}},"3":{"start":{"line":4,"column":0},"end":{"line":4,"column":69}},"4":{"start":{"line":6,"column":0},"end":{"line":6,"column":34}},"5":{"start":{"line":7,"column":0},"end":{"line":7,"column":72}},"6":{"start":{"line":14,"column":18},"end":{"line":20,"column":null}},"7":{"start":{"line":15,"column":7},"end":{"line":15,"column":12}},"8":{"start":{"line":15,"column":19},"end":{"line":15,"column":null}},"9":{"start":{"line":19,"column":25},"end":{"line":19,"column":31}},"10":{"start":{"line":19,"column":40},"end":{"line":19,"column":null}},"11":{"start":{"line":20,"column":25},"end":{"line":20,"column":30}},"12":{"start":{"line":20,"column":37},"end":{"line":20,"column":null}},"13":{"start":{"line":23,"column":19},"end":{"line":24,"column":null}},"14":{"start":{"line":24,"column":7},"end":{"line":24,"column":12}},"15":{"start":{"line":24,"column":19},"end":{"line":24,"column":null}},"16":{"start":{"line":28,"column":21},"end":{"line":32,"column":null}},"17":{"start":{"line":29,"column":15},"end":{"line":29,"column":20}},"18":{"start":{"line":29,"column":27},"end":{"line":29,"column":null}},"19":{"start":{"line":30,"column":14},"end":{"line":30,"column":19}},"20":{"start":{"line":30,"column":26},"end":{"line":30,"column":null}},"21":{"start":{"line":32,"column":25},"end":{"line":32,"column":30}},"22":{"start":{"line":32,"column":37},"end":{"line":32,"column":null}},"23":{"start":{"line":38,"column":20},"end":{"line":46,"column":null}},"24":{"start":{"line":41,"column":15},"end":{"line":41,"column":20}},"25":{"start":{"line":41,"column":27},"end":{"line":41,"column":null}},"26":{"start":{"line":42,"column":14},"end":{"line":42,"column":19}},"27":{"start":{"line":42,"column":26},"end":{"line":42,"column":null}},"28":{"start":{"line":43,"column":25},"end":{"line":43,"column":30}},"29":{"start":{"line":43,"column":37},"end":{"line":43,"column":null}},"30":{"start":{"line":44,"column":18},"end":{"line":44,"column":23}},"31":{"start":{"line":44,"column":30},"end":{"line":44,"column":null}},"32":{"start":{"line":45,"column":20},"end":{"line":45,"column":25}},"33":{"start":{"line":45,"column":32},"end":{"line":45,"column":null}},"34":{"start":{"line":46,"column":18},"end":{"line":46,"column":23}},"35":{"start":{"line":46,"column":30},"end":{"line":46,"column":null}},"36":{"start":{"line":50,"column":19},"end":{"line":55,"column":null}},"37":{"start":{"line":51,"column":7},"end":{"line":51,"column":12}},"38":{"start":{"line":51,"column":19},"end":{"line":51,"column":null}},"39":{"start":{"line":53,"column":7},"end":{"line":53,"column":12}},"40":{"start":{"line":53,"column":19},"end":{"line":53,"column":null}},"41":{"start":{"line":55,"column":9},"end":{"line":55,"column":14}},"42":{"start":{"line":55,"column":21},"end":{"line":55,"column":null}},"43":{"start":{"line":59,"column":47},"end":{"line":89,"column":1}},"44":{"start":{"line":59,"column":50},"end":{"line":59,"column":59}},"45":{"start":{"line":59,"column":61},"end":{"line":59,"column":67}},"46":{"start":{"line":60,"column":8},"end":{"line":60,"column":9}},"47":{"start":{"line":60,"column":9},"end":{"line":60,"column":20}},"48":{"start":{"line":60,"column":22},"end":{"line":60,"column":60}},"49":{"start":{"line":61,"column":18},"end":{"line":61,"column":30}},"50":{"start":{"line":62,"column":19},"end":{"line":62,"column":32}},"51":{"start":{"line":64,"column":23},"end":{"line":69,"column":3}},"52":{"start":{"line":65,"column":18},"end":{"line":65,"column":43}},"53":{"start":{"line":66,"column":21},"end":{"line":66,"column":87}},"54":{"start":{"line":67,"column":24},"end":{"line":67,"column":48}},"55":{"start":{"line":68,"column":4},"end":{"line":68,"column":null}},"56":{"start":{"line":71,"column":58},"end":{"line":74,"column":3}},"57":{"start":{"line":72,"column":4},"end":{"line":72,"column":null}},"58":{"start":{"line":73,"column":4},"end":{"line":73,"column":null}},"59":{"start":{"line":76,"column":66},"end":{"line":78,"column":3}},"60":{"start":{"line":77,"column":4},"end":{"line":77,"column":null}},"61":{"start":{"line":80,"column":2},"end":{"line":88,"column":null}},"62":{"start":{"line":91,"column":0},"end":{"line":91,"column":null}}},"fnMap":{"0":{"name":"(anonymous_3)","decl":{"start":{"line":15,"column":4},"end":{"line":15,"column":5}},"loc":{"start":{"line":15,"column":14},"end":{"line":15,"column":24}}},"1":{"name":"(anonymous_4)","decl":{"start":{"line":19,"column":13},"end":{"line":19,"column":14}},"loc":{"start":{"line":19,"column":35},"end":{"line":19,"column":46}}},"2":{"name":"(anonymous_5)","decl":{"start":{"line":20,"column":22},"end":{"line":20,"column":23}},"loc":{"start":{"line":20,"column":32},"end":{"line":20,"column":42}}},"3":{"name":"(anonymous_6)","decl":{"start":{"line":24,"column":4},"end":{"line":24,"column":5}},"loc":{"start":{"line":24,"column":14},"end":{"line":24,"column":24}}},"4":{"name":"(anonymous_7)","decl":{"start":{"line":29,"column":12},"end":{"line":29,"column":13}},"loc":{"start":{"line":29,"column":22},"end":{"line":29,"column":32}}},"5":{"name":"(anonymous_8)","decl":{"start":{"line":30,"column":11},"end":{"line":30,"column":12}},"loc":{"start":{"line":30,"column":21},"end":{"line":30,"column":31}}},"6":{"name":"(anonymous_9)","decl":{"start":{"line":32,"column":22},"end":{"line":32,"column":23}},"loc":{"start":{"line":32,"column":32},"end":{"line":32,"column":42}}},"7":{"name":"(anonymous_10)","decl":{"start":{"line":41,"column":12},"end":{"line":41,"column":13}},"loc":{"start":{"line":41,"column":22},"end":{"line":41,"column":32}}},"8":{"name":"(anonymous_11)","decl":{"start":{"line":42,"column":11},"end":{"line":42,"column":12}},"loc":{"start":{"line":42,"column":21},"end":{"line":42,"column":31}}},"9":{"name":"(anonymous_12)","decl":{"start":{"line":43,"column":22},"end":{"line":43,"column":23}},"loc":{"start":{"line":43,"column":32},"end":{"line":43,"column":42}}},"10":{"name":"(anonymous_13)","decl":{"start":{"line":44,"column":15},"end":{"line":44,"column":16}},"loc":{"start":{"line":44,"column":25},"end":{"line":44,"column":35}}},"11":{"name":"(anonymous_14)","decl":{"start":{"line":45,"column":17},"end":{"line":45,"column":18}},"loc":{"start":{"line":45,"column":27},"end":{"line":45,"column":37}}},"12":{"name":"(anonymous_15)","decl":{"start":{"line":46,"column":15},"end":{"line":46,"column":16}},"loc":{"start":{"line":46,"column":25},"end":{"line":46,"column":35}}},"13":{"name":"(anonymous_16)","decl":{"start":{"line":51,"column":4},"end":{"line":51,"column":5}},"loc":{"start":{"line":51,"column":14},"end":{"line":51,"column":24}}},"14":{"name":"(anonymous_17)","decl":{"start":{"line":53,"column":4},"end":{"line":53,"column":5}},"loc":{"start":{"line":53,"column":14},"end":{"line":53,"column":24}}},"15":{"name":"(anonymous_18)","decl":{"start":{"line":55,"column":6},"end":{"line":55,"column":7}},"loc":{"start":{"line":55,"column":16},"end":{"line":55,"column":26}}},"16":{"name":"(anonymous_19)","decl":{"start":{"line":59,"column":47},"end":{"line":59,"column":48}},"loc":{"start":{"line":59,"column":69},"end":{"line":89,"column":1}}},"17":{"name":"(anonymous_20)","decl":{"start":{"line":64,"column":23},"end":{"line":64,"column":null}},"loc":{"start":{"line":64,"column":23},"end":{"line":69,"column":3}}},"18":{"name":"(anonymous_21)","decl":{"start":{"line":71,"column":58},"end":{"line":71,"column":59}},"loc":{"start":{"line":71,"column":59},"end":{"line":74,"column":3}}},"19":{"name":"(anonymous_22)","decl":{"start":{"line":76,"column":66},"end":{"line":76,"column":67}},"loc":{"start":{"line":76,"column":67},"end":{"line":78,"column":3}}}},"branchMap":{"0":{"loc":{"start":{"line":14,"column":31},"end":{"line":14,"column":null}},"type":"binary-expr","locations":[{"start":{"line":14,"column":31},"end":{"line":14,"column":null}},{"start":{"line":14,"column":31},"end":{"line":21,"column":null}}]},"1":{"loc":{"start":{"line":23,"column":30},"end":{"line":23,"column":null}},"type":"binary-expr","locations":[{"start":{"line":23,"column":30},"end":{"line":23,"column":null}},{"start":{"line":23,"column":30},"end":{"line":26,"column":null}}]},"2":{"loc":{"start":{"line":28,"column":34},"end":{"line":28,"column":null}},"type":"binary-expr","locations":[{"start":{"line":28,"column":34},"end":{"line":28,"column":null}},{"start":{"line":28,"column":34},"end":{"line":36,"column":null}}]},"3":{"loc":{"start":{"line":38,"column":32},"end":{"line":38,"column":null}},"type":"binary-expr","locations":[{"start":{"line":38,"column":32},"end":{"line":38,"column":null}},{"start":{"line":38,"column":32},"end":{"line":48,"column":null}}]},"4":{"loc":{"start":{"line":50,"column":31},"end":{"line":50,"column":null}},"type":"binary-expr","locations":[{"start":{"line":50,"column":31},"end":{"line":50,"column":null}},{"start":{"line":50,"column":31},"end":{"line":57,"column":null}}]}},"s":{"0":3,"1":3,"2":3,"3":3,"4":3,"5":3,"6":3,"7":5,"8":5,"9":5,"10":5,"11":5,"12":5,"13":3,"14":5,"15":5,"16":3,"17":5,"18":5,"19":5,"20":5,"21":5,"22":5,"23":3,"24":5,"25":5,"26":5,"27":5,"28":5,"29":5,"30":5,"31":5,"32":5,"33":5,"34":5,"35":5,"36":3,"37":5,"38":5,"39":5,"40":5,"41":5,"42":5,"43":3,"44":5,"45":5,"46":5,"47":5,"48":5,"49":5,"50":5,"51":5,"52":0,"53":0,"54":0,"55":0,"56":5,"57":0,"58":0,"59":5,"60":0,"61":5,"62":3},"f":{"0":5,"1":5,"2":5,"3":5,"4":5,"5":5,"6":5,"7":5,"8":5,"9":5,"10":5,"11":5,"12":5,"13":5,"14":5,"15":5,"16":5,"17":0,"18":0,"19":0},"b":{"0":[3,3],"1":[3,3],"2":[3,3],"3":[3,3],"4":[3,3]}}
,"/Users/tomaszmittlener/Documents/projects/mittlener/gifduck/packages/client/src/pages/Home/index.tsx": {"path":"/Users/tomaszmittlener/Documents/projects/mittlener/gifduck/packages/client/src/pages/Home/index.tsx","statementMap":{"0":{"start":{"line":1,"column":0},"end":{"line":1,"column":69}},"1":{"start":{"line":2,"column":0},"end":{"line":2,"column":38}},"2":{"start":{"line":3,"column":0},"end":{"line":3,"column":46}},"3":{"start":{"line":4,"column":0},"end":{"line":4,"column":93}},"4":{"start":{"line":6,"column":0},"end":{"line":6,"column":42}},"5":{"start":{"line":7,"column":0},"end":{"line":7,"column":50}},"6":{"start":{"line":8,"column":0},"end":{"line":8,"column":38}},"7":{"start":{"line":9,"column":0},"end":{"line":9,"column":52}},"8":{"start":{"line":16,"column":20},"end":{"line":22,"column":null}},"9":{"start":{"line":22,"column":25},"end":{"line":22,"column":30}},"10":{"start":{"line":22,"column":37},"end":{"line":22,"column":null}},"11":{"start":{"line":25,"column":51},"end":{"line":52,"column":1}},"12":{"start":{"line":25,"column":54},"end":{"line":25,"column":63}},"13":{"start":{"line":25,"column":65},"end":{"line":25,"column":71}},"14":{"start":{"line":26,"column":8},"end":{"line":26,"column":9}},"15":{"start":{"line":26,"column":9},"end":{"line":26,"column":16}},"16":{"start":{"line":26,"column":18},"end":{"line":26,"column":59}},"17":{"start":{"line":27,"column":10},"end":{"line":27,"column":16}},"18":{"start":{"line":29,"column":18},"end":{"line":40,"column":null}},"19":{"start":{"line":31,"column":12},"end":{"line":31,"column":null}},"20":{"start":{"line":32,"column":12},"end":{"line":34,"column":null}},"21":{"start":{"line":35,"column":23},"end":{"line":35,"column":null}},"22":{"start":{"line":35,"column":14},"end":{"line":35,"column":23}},"23":{"start":{"line":36,"column":6},"end":{"line":36,"column":null}},"24":{"start":{"line":38,"column":6},"end":{"line":38,"column":null}},"25":{"start":{"line":42,"column":2},"end":{"line":44,"column":null}},"26":{"start":{"line":43,"column":4},"end":{"line":43,"column":null}},"27":{"start":{"line":46,"column":2},"end":{"line":51,"column":null}},"28":{"start":{"line":54,"column":0},"end":{"line":54,"column":null}}},"fnMap":{"0":{"name":"(anonymous_16)","decl":{"start":{"line":22,"column":22},"end":{"line":22,"column":23}},"loc":{"start":{"line":22,"column":32},"end":{"line":22,"column":42}}},"1":{"name":"(anonymous_17)","decl":{"start":{"line":25,"column":51},"end":{"line":25,"column":52}},"loc":{"start":{"line":25,"column":73},"end":{"line":52,"column":1}}},"2":{"name":"(anonymous_18)","decl":{"start":{"line":29,"column":18},"end":{"line":29,"column":null}},"loc":{"start":{"line":29,"column":18},"end":{"line":40,"column":null}}},"3":{"name":"(anonymous_21)","decl":{"start":{"line":42,"column":12},"end":{"line":42,"column":null}},"loc":{"start":{"line":42,"column":12},"end":{"line":44,"column":3}}}},"branchMap":{"0":{"loc":{"start":{"line":16,"column":31},"end":{"line":16,"column":null}},"type":"binary-expr","locations":[{"start":{"line":16,"column":31},"end":{"line":16,"column":null}},{"start":{"line":16,"column":31},"end":{"line":23,"column":null}}]},"1":{"loc":{"start":{"line":33,"column":51},"end":{"line":33,"column":69}},"type":"cond-expr","locations":[{"start":{"line":33,"column":51},"end":{"line":33,"column":69}},{"start":{"line":33,"column":72},"end":{"line":33,"column":74}}]}},"s":{"0":2,"1":2,"2":2,"3":2,"4":2,"5":2,"6":2,"7":2,"8":2,"9":3,"10":3,"11":2,"12":3,"13":3,"14":3,"15":3,"16":3,"17":3,"18":6,"19":3,"20":3,"21":3,"22":0,"23":0,"24":0,"25":3,"26":3,"27":3,"28":2},"f":{"0":3,"1":3,"2":6,"3":3},"b":{"0":[2,2],"1":[0,3]}}
,"/Users/tomaszmittlener/Documents/projects/mittlener/gifduck/packages/client/src/services/imagesService/index.ts": {"path":"/Users/tomaszmittlener/Documents/projects/mittlener/gifduck/packages/client/src/services/imagesService/index.ts","statementMap":{"0":{"start":{"line":1,"column":0},"end":{"line":1,"column":37}},"1":{"start":{"line":8,"column":37},"end":{"line":17,"column":null}},"2":{"start":{"line":9,"column":38},"end":{"line":16,"column":null}},"3":{"start":{"line":10,"column":4},"end":{"line":10,"column":null}},"4":{"start":{"line":11,"column":4},"end":{"line":15,"column":null}},"5":{"start":{"line":12,"column":6},"end":{"line":14,"column":null}},"6":{"start":{"line":13,"column":8},"end":{"line":13,"column":null}},"7":{"start":{"line":19,"column":0},"end":{"line":19,"column":null}}},"fnMap":{"0":{"name":"(anonymous_14)","decl":{"start":{"line":9,"column":13},"end":{"line":9,"column":20}},"loc":{"start":{"line":9,"column":38},"end":{"line":16,"column":null}}},"1":{"name":"(anonymous_15)","decl":{"start":{"line":9,"column":38},"end":{"line":9,"column":null}},"loc":{"start":{"line":9,"column":38},"end":{"line":16,"column":null}}},"2":{"name":"(anonymous_17)","decl":{"start":{"line":11,"column":23},"end":{"line":11,"column":30}},"loc":{"start":{"line":11,"column":30},"end":{"line":15,"column":5}}},"3":{"name":"(anonymous_18)","decl":{"start":{"line":12,"column":17},"end":{"line":12,"column":null}},"loc":{"start":{"line":12,"column":17},"end":{"line":14,"column":7}}}},"branchMap":{},"s":{"0":2,"1":2,"2":3,"3":3,"4":3,"5":3,"6":0,"7":2},"f":{"0":3,"1":3,"2":3,"3":0},"b":{}}
,"/Users/tomaszmittlener/Documents/projects/mittlener/gifduck/packages/client/src/utilities/query/index.ts": {"path":"/Users/tomaszmittlener/Documents/projects/mittlener/gifduck/packages/client/src/utilities/query/index.ts","statementMap":{"0":{"start":{"line":1,"column":0},"end":{"line":1,"column":37}},"1":{"start":{"line":7,"column":13},"end":{"line":11,"column":null}},"2":{"start":{"line":8,"column":2},"end":{"line":10,"column":null}},"3":{"start":{"line":13,"column":13},"end":{"line":15,"column":null}},"4":{"start":{"line":14,"column":2},"end":{"line":14,"column":null}},"5":{"start":{"line":17,"column":13},"end":{"line":22,"column":null}},"6":{"start":{"line":18,"column":2},"end":{"line":20,"column":null}}},"fnMap":{"0":{"name":"(anonymous_2)","decl":{"start":{"line":7,"column":24},"end":{"line":7,"column":25}},"loc":{"start":{"line":7,"column":44},"end":{"line":11,"column":1}}},"1":{"name":"(anonymous_3)","decl":{"start":{"line":13,"column":30},"end":{"line":13,"column":31}},"loc":{"start":{"line":13,"column":56},"end":{"line":15,"column":1}}},"2":{"name":"(anonymous_4)","decl":{"start":{"line":17,"column":28},"end":{"line":17,"column":29}},"loc":{"start":{"line":17,"column":75},"end":{"line":22,"column":1}}}},"branchMap":{},"s":{"0":4,"1":4,"2":4,"3":4,"4":1,"5":4,"6":2},"f":{"0":4,"1":1,"2":2},"b":{}}
}
