{"/Users/tomaszmittlener/Documents/projects/mittlener/gifduck/packages/client/src/components/App/index.tsx": {"path":"/Users/tomaszmittlener/Documents/projects/mittlener/gifduck/packages/client/src/components/App/index.tsx","statementMap":{"0":{"start":{"line":1,"column":0},"end":{"line":1,"column":48}},"1":{"start":{"line":2,"column":0},"end":{"line":2,"column":49}},"2":{"start":{"line":3,"column":0},"end":{"line":3,"column":58}},"3":{"start":{"line":5,"column":0},"end":{"line":5,"column":46}},"4":{"start":{"line":6,"column":0},"end":{"line":6,"column":32}},"5":{"start":{"line":7,"column":0},"end":{"line":7,"column":33}},"6":{"start":{"line":9,"column":31},"end":{"line":18,"column":1}},"7":{"start":{"line":10,"column":2},"end":{"line":17,"column":null}},"8":{"start":{"line":20,"column":0},"end":{"line":20,"column":null}}},"fnMap":{"0":{"name":"(anonymous_1)","decl":{"start":{"line":9,"column":31},"end":{"line":9,"column":null}},"loc":{"start":{"line":9,"column":31},"end":{"line":18,"column":1}}}},"branchMap":{},"s":{"0":1,"1":1,"2":1,"3":1,"4":1,"5":1,"6":1,"7":1,"8":1},"f":{"0":1},"b":{}}
,"/Users/tomaszmittlener/Documents/projects/mittlener/gifduck/packages/client/src/components/Image/index.tsx": {"path":"/Users/tomaszmittlener/Documents/projects/mittlener/gifduck/packages/client/src/components/Image/index.tsx","statementMap":{"0":{"start":{"line":1,"column":0},"end":{"line":1,"column":66}},"1":{"start":{"line":2,"column":0},"end":{"line":2,"column":38}},"2":{"start":{"line":3,"column":0},"end":{"line":3,"column":43}},"3":{"start":{"line":16,"column":2},"end":{"line":16,"column":118}},"4":{"start":{"line":18,"column":18},"end":{"line":27,"column":null}},"5":{"start":{"line":27,"column":22},"end":{"line":27,"column":33}},"6":{"start":{"line":27,"column":40},"end":{"line":27,"column":null}},"7":{"start":{"line":31,"column":20},"end":{"line":37,"column":null}},"8":{"start":{"line":37,"column":16},"end":{"line":37,"column":29}},"9":{"start":{"line":37,"column":36},"end":{"line":37,"column":null}},"10":{"start":{"line":40,"column":53},"end":{"line":86,"column":1}},"11":{"start":{"line":40,"column":56},"end":{"line":40,"column":65}},"12":{"start":{"line":40,"column":67},"end":{"line":40,"column":73}},"13":{"start":{"line":40,"column":75},"end":{"line":40,"column":78}},"14":{"start":{"line":40,"column":80},"end":{"line":40,"column":91}},"15":{"start":{"line":40,"column":93},"end":{"line":40,"column":99}},"16":{"start":{"line":41,"column":23},"end":{"line":41,"column":48}},"17":{"start":{"line":42,"column":8},"end":{"line":42,"column":9}},"18":{"start":{"line":42,"column":9},"end":{"line":42,"column":22}},"19":{"start":{"line":42,"column":24},"end":{"line":42,"column":66}},"20":{"start":{"line":44,"column":8},"end":{"line":44,"column":9}},"21":{"start":{"line":44,"column":9},"end":{"line":44,"column":15}},"22":{"start":{"line":44,"column":17},"end":{"line":44,"column":59}},"23":{"start":{"line":45,"column":8},"end":{"line":45,"column":9}},"24":{"start":{"line":45,"column":9},"end":{"line":45,"column":15}},"25":{"start":{"line":45,"column":17},"end":{"line":45,"column":50}},"26":{"start":{"line":47,"column":20},"end":{"line":49,"column":3}},"27":{"start":{"line":48,"column":4},"end":{"line":48,"column":null}},"28":{"start":{"line":51,"column":21},"end":{"line":53,"column":3}},"29":{"start":{"line":52,"column":4},"end":{"line":52,"column":null}},"30":{"start":{"line":54,"column":21},"end":{"line":56,"column":3}},"31":{"start":{"line":55,"column":4},"end":{"line":55,"column":null}},"32":{"start":{"line":58,"column":20},"end":{"line":61,"column":3}},"33":{"start":{"line":59,"column":4},"end":{"line":59,"column":null}},"34":{"start":{"line":60,"column":4},"end":{"line":60,"column":null}},"35":{"start":{"line":63,"column":2},"end":{"line":68,"column":null}},"36":{"start":{"line":70,"column":2},"end":{"line":85,"column":null}},"37":{"start":{"line":88,"column":0},"end":{"line":88,"column":null}}},"fnMap":{"0":{"name":"(anonymous_3)","decl":{"start":{"line":27,"column":19},"end":{"line":27,"column":20}},"loc":{"start":{"line":27,"column":35},"end":{"line":27,"column":51}}},"1":{"name":"(anonymous_4)","decl":{"start":{"line":37,"column":13},"end":{"line":37,"column":14}},"loc":{"start":{"line":37,"column":31},"end":{"line":37,"column":37}}},"2":{"name":"(anonymous_5)","decl":{"start":{"line":40,"column":53},"end":{"line":40,"column":54}},"loc":{"start":{"line":40,"column":101},"end":{"line":86,"column":1}}},"3":{"name":"(anonymous_6)","decl":{"start":{"line":47,"column":20},"end":{"line":47,"column":null}},"loc":{"start":{"line":47,"column":20},"end":{"line":49,"column":3}}},"4":{"name":"(anonymous_7)","decl":{"start":{"line":51,"column":21},"end":{"line":51,"column":null}},"loc":{"start":{"line":51,"column":21},"end":{"line":53,"column":3}}},"5":{"name":"(anonymous_8)","decl":{"start":{"line":54,"column":21},"end":{"line":54,"column":null}},"loc":{"start":{"line":54,"column":21},"end":{"line":56,"column":3}}},"6":{"name":"(anonymous_9)","decl":{"start":{"line":58,"column":20},"end":{"line":58,"column":null}},"loc":{"start":{"line":58,"column":20},"end":{"line":61,"column":3}}}},"branchMap":{"0":{"loc":{"start":{"line":18,"column":31},"end":{"line":18,"column":56}},"type":"binary-expr","locations":[{"start":{"line":18,"column":31},"end":{"line":18,"column":56}},{"start":{"line":18,"column":31},"end":{"line":29,"column":null}}]},"1":{"loc":{"start":{"line":31,"column":30},"end":{"line":31,"column":58}},"type":"binary-expr","locations":[{"start":{"line":31,"column":30},"end":{"line":31,"column":58}},{"start":{"line":31,"column":30},"end":{"line":38,"column":null}}]},"2":{"loc":{"start":{"line":37,"column":53},"end":{"line":37,"column":54}},"type":"cond-expr","locations":[{"start":{"line":37,"column":53},"end":{"line":37,"column":54}},{"start":{"line":37,"column":57},"end":{"line":37,"column":58}}]},"3":{"loc":{"start":{"line":67,"column":19},"end":{"line":67,"column":33}},"type":"binary-expr","locations":[{"start":{"line":67,"column":19},"end":{"line":67,"column":33}},{"start":{"line":67,"column":37},"end":{"line":67,"column":54}}]},"4":{"loc":{"start":{"line":73,"column":7},"end":{"line":73,"column":13}},"type":"binary-expr","locations":[{"start":{"line":73,"column":7},"end":{"line":73,"column":13}},{"start":{"line":74,"column":8},"end":{"line":79,"column":null}}]}},"s":{"0":4,"1":4,"2":4,"3":4,"4":4,"5":4,"6":4,"7":4,"8":4,"9":4,"10":4,"11":4,"12":4,"13":4,"14":4,"15":4,"16":4,"17":4,"18":4,"19":4,"20":4,"21":4,"22":4,"23":4,"24":4,"25":4,"26":4,"27":0,"28":4,"29":0,"30":4,"31":0,"32":4,"33":0,"34":0,"35":4,"36":4,"37":4},"f":{"0":4,"1":4,"2":4,"3":0,"4":0,"5":0,"6":0},"b":{"0":[4,4],"1":[4,4],"2":[4,0],"3":[4,4],"4":[4,0]}}
,"/Users/tomaszmittlener/Documents/projects/mittlener/gifduck/packages/client/src/containers/Header/index.tsx": {"path":"/Users/tomaszmittlener/Documents/projects/mittlener/gifduck/packages/client/src/containers/Header/index.tsx","statementMap":{"0":{"start":{"line":1,"column":0},"end":{"line":1,"column":96}},"1":{"start":{"line":2,"column":0},"end":{"line":2,"column":38}},"2":{"start":{"line":3,"column":0},"end":{"line":3,"column":58}},"3":{"start":{"line":4,"column":0},"end":{"line":4,"column":62}},"4":{"start":{"line":6,"column":0},"end":{"line":6,"column":34}},"5":{"start":{"line":7,"column":0},"end":{"line":7,"column":75}},"6":{"start":{"line":14,"column":18},"end":{"line":19,"column":null}},"7":{"start":{"line":18,"column":25},"end":{"line":18,"column":31}},"8":{"start":{"line":18,"column":40},"end":{"line":18,"column":null}},"9":{"start":{"line":19,"column":25},"end":{"line":19,"column":30}},"10":{"start":{"line":19,"column":37},"end":{"line":19,"column":null}},"11":{"start":{"line":22,"column":16},"end":{"line":23,"column":null}},"12":{"start":{"line":23,"column":7},"end":{"line":23,"column":12}},"13":{"start":{"line":23,"column":19},"end":{"line":23,"column":null}},"14":{"start":{"line":27,"column":19},"end":{"line":30,"column":null}},"15":{"start":{"line":28,"column":7},"end":{"line":28,"column":12}},"16":{"start":{"line":28,"column":19},"end":{"line":28,"column":null}},"17":{"start":{"line":30,"column":20},"end":{"line":30,"column":25}},"18":{"start":{"line":30,"column":32},"end":{"line":30,"column":null}},"19":{"start":{"line":33,"column":21},"end":{"line":37,"column":null}},"20":{"start":{"line":34,"column":15},"end":{"line":34,"column":20}},"21":{"start":{"line":34,"column":27},"end":{"line":34,"column":null}},"22":{"start":{"line":35,"column":14},"end":{"line":35,"column":19}},"23":{"start":{"line":35,"column":26},"end":{"line":35,"column":null}},"24":{"start":{"line":37,"column":25},"end":{"line":37,"column":30}},"25":{"start":{"line":37,"column":37},"end":{"line":37,"column":null}},"26":{"start":{"line":44,"column":20},"end":{"line":52,"column":null}},"27":{"start":{"line":47,"column":15},"end":{"line":47,"column":20}},"28":{"start":{"line":47,"column":27},"end":{"line":47,"column":null}},"29":{"start":{"line":48,"column":14},"end":{"line":48,"column":19}},"30":{"start":{"line":48,"column":26},"end":{"line":48,"column":null}},"31":{"start":{"line":49,"column":25},"end":{"line":49,"column":30}},"32":{"start":{"line":49,"column":37},"end":{"line":49,"column":null}},"33":{"start":{"line":50,"column":18},"end":{"line":50,"column":23}},"34":{"start":{"line":50,"column":30},"end":{"line":50,"column":null}},"35":{"start":{"line":51,"column":20},"end":{"line":51,"column":25}},"36":{"start":{"line":51,"column":32},"end":{"line":51,"column":null}},"37":{"start":{"line":52,"column":18},"end":{"line":52,"column":23}},"38":{"start":{"line":52,"column":30},"end":{"line":52,"column":null}},"39":{"start":{"line":57,"column":19},"end":{"line":63,"column":null}},"40":{"start":{"line":58,"column":16},"end":{"line":58,"column":21}},"41":{"start":{"line":58,"column":28},"end":{"line":58,"column":null}},"42":{"start":{"line":59,"column":7},"end":{"line":59,"column":12}},"43":{"start":{"line":59,"column":19},"end":{"line":59,"column":null}},"44":{"start":{"line":61,"column":7},"end":{"line":61,"column":12}},"45":{"start":{"line":61,"column":19},"end":{"line":61,"column":null}},"46":{"start":{"line":63,"column":9},"end":{"line":63,"column":14}},"47":{"start":{"line":63,"column":21},"end":{"line":63,"column":null}},"48":{"start":{"line":67,"column":47},"end":{"line":99,"column":1}},"49":{"start":{"line":67,"column":50},"end":{"line":67,"column":59}},"50":{"start":{"line":67,"column":61},"end":{"line":67,"column":67}},"51":{"start":{"line":68,"column":8},"end":{"line":68,"column":9}},"52":{"start":{"line":68,"column":9},"end":{"line":68,"column":20}},"53":{"start":{"line":68,"column":22},"end":{"line":68,"column":60}},"54":{"start":{"line":69,"column":18},"end":{"line":69,"column":30}},"55":{"start":{"line":70,"column":19},"end":{"line":70,"column":32}},"56":{"start":{"line":72,"column":23},"end":{"line":77,"column":3}},"57":{"start":{"line":73,"column":18},"end":{"line":73,"column":43}},"58":{"start":{"line":74,"column":21},"end":{"line":74,"column":87}},"59":{"start":{"line":75,"column":24},"end":{"line":75,"column":48}},"60":{"start":{"line":76,"column":4},"end":{"line":76,"column":null}},"61":{"start":{"line":79,"column":58},"end":{"line":82,"column":3}},"62":{"start":{"line":80,"column":4},"end":{"line":80,"column":null}},"63":{"start":{"line":81,"column":4},"end":{"line":81,"column":null}},"64":{"start":{"line":84,"column":66},"end":{"line":86,"column":3}},"65":{"start":{"line":85,"column":4},"end":{"line":85,"column":null}},"66":{"start":{"line":88,"column":2},"end":{"line":98,"column":null}},"67":{"start":{"line":101,"column":0},"end":{"line":101,"column":null}}},"fnMap":{"0":{"name":"(anonymous_3)","decl":{"start":{"line":18,"column":13},"end":{"line":18,"column":14}},"loc":{"start":{"line":18,"column":35},"end":{"line":18,"column":46}}},"1":{"name":"(anonymous_4)","decl":{"start":{"line":19,"column":22},"end":{"line":19,"column":23}},"loc":{"start":{"line":19,"column":32},"end":{"line":19,"column":42}}},"2":{"name":"(anonymous_5)","decl":{"start":{"line":23,"column":4},"end":{"line":23,"column":5}},"loc":{"start":{"line":23,"column":14},"end":{"line":23,"column":24}}},"3":{"name":"(anonymous_6)","decl":{"start":{"line":28,"column":4},"end":{"line":28,"column":5}},"loc":{"start":{"line":28,"column":14},"end":{"line":28,"column":24}}},"4":{"name":"(anonymous_7)","decl":{"start":{"line":30,"column":17},"end":{"line":30,"column":18}},"loc":{"start":{"line":30,"column":27},"end":{"line":30,"column":37}}},"5":{"name":"(anonymous_8)","decl":{"start":{"line":34,"column":12},"end":{"line":34,"column":13}},"loc":{"start":{"line":34,"column":22},"end":{"line":34,"column":32}}},"6":{"name":"(anonymous_9)","decl":{"start":{"line":35,"column":11},"end":{"line":35,"column":12}},"loc":{"start":{"line":35,"column":21},"end":{"line":35,"column":31}}},"7":{"name":"(anonymous_10)","decl":{"start":{"line":37,"column":22},"end":{"line":37,"column":23}},"loc":{"start":{"line":37,"column":32},"end":{"line":37,"column":42}}},"8":{"name":"(anonymous_11)","decl":{"start":{"line":47,"column":12},"end":{"line":47,"column":13}},"loc":{"start":{"line":47,"column":22},"end":{"line":47,"column":32}}},"9":{"name":"(anonymous_12)","decl":{"start":{"line":48,"column":11},"end":{"line":48,"column":12}},"loc":{"start":{"line":48,"column":21},"end":{"line":48,"column":31}}},"10":{"name":"(anonymous_13)","decl":{"start":{"line":49,"column":22},"end":{"line":49,"column":23}},"loc":{"start":{"line":49,"column":32},"end":{"line":49,"column":42}}},"11":{"name":"(anonymous_14)","decl":{"start":{"line":50,"column":15},"end":{"line":50,"column":16}},"loc":{"start":{"line":50,"column":25},"end":{"line":50,"column":35}}},"12":{"name":"(anonymous_15)","decl":{"start":{"line":51,"column":17},"end":{"line":51,"column":18}},"loc":{"start":{"line":51,"column":27},"end":{"line":51,"column":37}}},"13":{"name":"(anonymous_16)","decl":{"start":{"line":52,"column":15},"end":{"line":52,"column":16}},"loc":{"start":{"line":52,"column":25},"end":{"line":52,"column":35}}},"14":{"name":"(anonymous_17)","decl":{"start":{"line":58,"column":13},"end":{"line":58,"column":14}},"loc":{"start":{"line":58,"column":23},"end":{"line":58,"column":33}}},"15":{"name":"(anonymous_18)","decl":{"start":{"line":59,"column":4},"end":{"line":59,"column":5}},"loc":{"start":{"line":59,"column":14},"end":{"line":59,"column":24}}},"16":{"name":"(anonymous_19)","decl":{"start":{"line":61,"column":4},"end":{"line":61,"column":5}},"loc":{"start":{"line":61,"column":14},"end":{"line":61,"column":24}}},"17":{"name":"(anonymous_20)","decl":{"start":{"line":63,"column":6},"end":{"line":63,"column":7}},"loc":{"start":{"line":63,"column":16},"end":{"line":63,"column":26}}},"18":{"name":"(anonymous_21)","decl":{"start":{"line":67,"column":47},"end":{"line":67,"column":48}},"loc":{"start":{"line":67,"column":69},"end":{"line":99,"column":1}}},"19":{"name":"(anonymous_22)","decl":{"start":{"line":72,"column":23},"end":{"line":72,"column":null}},"loc":{"start":{"line":72,"column":23},"end":{"line":77,"column":3}}},"20":{"name":"(anonymous_23)","decl":{"start":{"line":79,"column":58},"end":{"line":79,"column":59}},"loc":{"start":{"line":79,"column":59},"end":{"line":82,"column":3}}},"21":{"name":"(anonymous_24)","decl":{"start":{"line":84,"column":66},"end":{"line":84,"column":67}},"loc":{"start":{"line":84,"column":67},"end":{"line":86,"column":3}}}},"branchMap":{"0":{"loc":{"start":{"line":14,"column":31},"end":{"line":14,"column":null}},"type":"binary-expr","locations":[{"start":{"line":14,"column":31},"end":{"line":14,"column":null}},{"start":{"line":14,"column":31},"end":{"line":20,"column":null}}]},"1":{"loc":{"start":{"line":22,"column":26},"end":{"line":22,"column":null}},"type":"binary-expr","locations":[{"start":{"line":22,"column":26},"end":{"line":22,"column":null}},{"start":{"line":22,"column":26},"end":{"line":25,"column":null}}]},"2":{"loc":{"start":{"line":27,"column":30},"end":{"line":27,"column":null}},"type":"binary-expr","locations":[{"start":{"line":27,"column":30},"end":{"line":27,"column":null}},{"start":{"line":27,"column":30},"end":{"line":31,"column":null}}]},"3":{"loc":{"start":{"line":33,"column":34},"end":{"line":33,"column":null}},"type":"binary-expr","locations":[{"start":{"line":33,"column":34},"end":{"line":33,"column":null}},{"start":{"line":33,"column":34},"end":{"line":42,"column":null}}]},"4":{"loc":{"start":{"line":44,"column":32},"end":{"line":44,"column":null}},"type":"binary-expr","locations":[{"start":{"line":44,"column":32},"end":{"line":44,"column":null}},{"start":{"line":44,"column":32},"end":{"line":55,"column":null}}]},"5":{"loc":{"start":{"line":57,"column":31},"end":{"line":57,"column":null}},"type":"binary-expr","locations":[{"start":{"line":57,"column":31},"end":{"line":57,"column":null}},{"start":{"line":57,"column":31},"end":{"line":65,"column":null}}]}},"s":{"0":3,"1":3,"2":3,"3":3,"4":3,"5":3,"6":3,"7":5,"8":5,"9":5,"10":5,"11":3,"12":5,"13":5,"14":3,"15":5,"16":5,"17":5,"18":5,"19":3,"20":5,"21":5,"22":5,"23":5,"24":5,"25":5,"26":3,"27":5,"28":5,"29":5,"30":5,"31":5,"32":5,"33":5,"34":5,"35":5,"36":5,"37":5,"38":5,"39":3,"40":5,"41":5,"42":5,"43":5,"44":5,"45":5,"46":5,"47":5,"48":3,"49":5,"50":5,"51":5,"52":5,"53":5,"54":5,"55":5,"56":5,"57":0,"58":0,"59":0,"60":0,"61":5,"62":0,"63":0,"64":5,"65":0,"66":5,"67":3},"f":{"0":5,"1":5,"2":5,"3":5,"4":5,"5":5,"6":5,"7":5,"8":5,"9":5,"10":5,"11":5,"12":5,"13":5,"14":5,"15":5,"16":5,"17":5,"18":5,"19":0,"20":0,"21":0},"b":{"0":[3,3],"1":[3,3],"2":[3,3],"3":[3,3],"4":[3,3],"5":[3,3]}}
,"/Users/tomaszmittlener/Documents/projects/mittlener/gifduck/packages/client/src/services/imagesService/index.ts": {"path":"/Users/tomaszmittlener/Documents/projects/mittlener/gifduck/packages/client/src/services/imagesService/index.ts","statementMap":{"0":{"start":{"line":1,"column":0},"end":{"line":1,"column":43}},"1":{"start":{"line":3,"column":0},"end":{"line":3,"column":51}},"2":{"start":{"line":5,"column":17},"end":{"line":5,"column":51}},"3":{"start":{"line":7,"column":17},"end":{"line":9,"column":2}},"4":{"start":{"line":15,"column":37},"end":{"line":19,"column":null}},"5":{"start":{"line":16,"column":38},"end":{"line":18,"column":null}},"6":{"start":{"line":17,"column":4},"end":{"line":17,"column":null}},"7":{"start":{"line":21,"column":0},"end":{"line":21,"column":null}}},"fnMap":{"0":{"name":"(anonymous_14)","decl":{"start":{"line":16,"column":13},"end":{"line":16,"column":20}},"loc":{"start":{"line":16,"column":38},"end":{"line":18,"column":null}}},"1":{"name":"(anonymous_15)","decl":{"start":{"line":16,"column":38},"end":{"line":16,"column":null}},"loc":{"start":{"line":16,"column":38},"end":{"line":18,"column":null}}}},"branchMap":{},"s":{"0":2,"1":2,"2":2,"3":2,"4":2,"5":3,"6":3,"7":2},"f":{"0":3,"1":3},"b":{}}
,"/Users/tomaszmittlener/Documents/projects/mittlener/gifduck/packages/client/src/views/Home/index.tsx": {"path":"/Users/tomaszmittlener/Documents/projects/mittlener/gifduck/packages/client/src/views/Home/index.tsx","statementMap":{"0":{"start":{"line":1,"column":0},"end":{"line":1,"column":69}},"1":{"start":{"line":2,"column":0},"end":{"line":2,"column":38}},"2":{"start":{"line":3,"column":0},"end":{"line":3,"column":46}},"3":{"start":{"line":4,"column":0},"end":{"line":4,"column":86}},"4":{"start":{"line":6,"column":0},"end":{"line":6,"column":45}},"5":{"start":{"line":7,"column":0},"end":{"line":7,"column":50}},"6":{"start":{"line":8,"column":0},"end":{"line":8,"column":38}},"7":{"start":{"line":9,"column":0},"end":{"line":9,"column":38}},"8":{"start":{"line":10,"column":0},"end":{"line":10,"column":52}},"9":{"start":{"line":17,"column":20},"end":{"line":21,"column":null}},"10":{"start":{"line":21,"column":25},"end":{"line":21,"column":30}},"11":{"start":{"line":21,"column":37},"end":{"line":21,"column":null}},"12":{"start":{"line":24,"column":13},"end":{"line":30,"column":null}},"13":{"start":{"line":30,"column":20},"end":{"line":30,"column":25}},"14":{"start":{"line":30,"column":32},"end":{"line":30,"column":null}},"15":{"start":{"line":33,"column":51},"end":{"line":63,"column":1}},"16":{"start":{"line":33,"column":54},"end":{"line":33,"column":63}},"17":{"start":{"line":33,"column":65},"end":{"line":33,"column":71}},"18":{"start":{"line":34,"column":8},"end":{"line":34,"column":9}},"19":{"start":{"line":34,"column":9},"end":{"line":34,"column":16}},"20":{"start":{"line":34,"column":18},"end":{"line":34,"column":59}},"21":{"start":{"line":35,"column":10},"end":{"line":35,"column":16}},"22":{"start":{"line":37,"column":18},"end":{"line":48,"column":null}},"23":{"start":{"line":39,"column":12},"end":{"line":39,"column":null}},"24":{"start":{"line":40,"column":12},"end":{"line":42,"column":null}},"25":{"start":{"line":43,"column":23},"end":{"line":43,"column":null}},"26":{"start":{"line":43,"column":14},"end":{"line":43,"column":23}},"27":{"start":{"line":44,"column":6},"end":{"line":44,"column":null}},"28":{"start":{"line":46,"column":6},"end":{"line":46,"column":null}},"29":{"start":{"line":50,"column":2},"end":{"line":52,"column":null}},"30":{"start":{"line":51,"column":4},"end":{"line":51,"column":null}},"31":{"start":{"line":54,"column":2},"end":{"line":62,"column":null}},"32":{"start":{"line":65,"column":0},"end":{"line":65,"column":null}}},"fnMap":{"0":{"name":"(anonymous_16)","decl":{"start":{"line":21,"column":22},"end":{"line":21,"column":23}},"loc":{"start":{"line":21,"column":32},"end":{"line":21,"column":42}}},"1":{"name":"(anonymous_17)","decl":{"start":{"line":30,"column":17},"end":{"line":30,"column":18}},"loc":{"start":{"line":30,"column":27},"end":{"line":30,"column":37}}},"2":{"name":"(anonymous_18)","decl":{"start":{"line":33,"column":51},"end":{"line":33,"column":52}},"loc":{"start":{"line":33,"column":73},"end":{"line":63,"column":1}}},"3":{"name":"(anonymous_19)","decl":{"start":{"line":37,"column":18},"end":{"line":37,"column":null}},"loc":{"start":{"line":37,"column":18},"end":{"line":48,"column":null}}},"4":{"name":"(anonymous_22)","decl":{"start":{"line":50,"column":12},"end":{"line":50,"column":null}},"loc":{"start":{"line":50,"column":12},"end":{"line":52,"column":3}}}},"branchMap":{"0":{"loc":{"start":{"line":17,"column":30},"end":{"line":17,"column":null}},"type":"binary-expr","locations":[{"start":{"line":17,"column":30},"end":{"line":17,"column":null}},{"start":{"line":17,"column":30},"end":{"line":22,"column":null}}]},"1":{"loc":{"start":{"line":24,"column":24},"end":{"line":24,"column":null}},"type":"binary-expr","locations":[{"start":{"line":24,"column":24},"end":{"line":24,"column":null}},{"start":{"line":24,"column":24},"end":{"line":31,"column":null}}]},"2":{"loc":{"start":{"line":41,"column":51},"end":{"line":41,"column":69}},"type":"cond-expr","locations":[{"start":{"line":41,"column":51},"end":{"line":41,"column":69}},{"start":{"line":41,"column":72},"end":{"line":41,"column":74}}]}},"s":{"0":2,"1":2,"2":2,"3":2,"4":2,"5":2,"6":2,"7":2,"8":2,"9":2,"10":3,"11":3,"12":2,"13":3,"14":3,"15":2,"16":3,"17":3,"18":3,"19":3,"20":3,"21":3,"22":6,"23":3,"24":3,"25":3,"26":0,"27":0,"28":0,"29":3,"30":3,"31":3,"32":2},"f":{"0":3,"1":3,"2":3,"3":6,"4":3},"b":{"0":[2,2],"1":[2,2],"2":[0,3]}}
}
