TN:
SF:src/components/Image/index.tsx
FN:33,(anonymous_3)
FN:45,(anonymous_4)
FN:51,(anonymous_5)
FN:56,(anonymous_6)
FN:68,(anonymous_7)
FN:82,(anonymous_8)
FN:86,(anonymous_9)
FN:90,(anonymous_10)
FN:94,(anonymous_11)
FNF:9
FNH:4
FNDA:4,(anonymous_3)
FNDA:4,(anonymous_4)
FNDA:0,(anonymous_5)
FNDA:4,(anonymous_6)
FNDA:4,(anonymous_7)
FNDA:0,(anonymous_8)
FNDA:0,(anonymous_9)
FNDA:0,(anonymous_10)
FNDA:0,(anonymous_11)
DA:1,4
DA:2,4
DA:3,4
DA:25,4
DA:27,4
DA:33,4
DA:36,4
DA:45,4
DA:49,4
DA:51,0
DA:54,4
DA:56,4
DA:68,4
DA:69,4
DA:70,4
DA:71,4
DA:72,4
DA:73,4
DA:74,8
DA:76,4
DA:77,4
DA:79,4
DA:80,4
DA:82,4
DA:83,0
DA:86,4
DA:87,0
DA:90,4
DA:91,0
DA:94,4
DA:95,0
DA:96,0
DA:99,4
DA:106,4
DA:114,4
LF:35
LH:29
BRDA:27,0,0,4
BRDA:27,0,1,4
BRDA:33,1,0,4
BRDA:33,1,1,0
BRDA:36,2,0,4
BRDA:36,2,1,4
BRDA:49,3,0,4
BRDA:49,3,1,4
BRDA:54,4,0,4
BRDA:54,4,1,4
BRDA:74,5,0,4
BRDA:74,5,1,0
BRDA:103,6,0,4
BRDA:103,6,1,4
BRDA:108,7,0,4
BRDA:108,7,1,0
BRF:16
BRH:13
end_of_record
